d:\shashi\misc\localaibridge\localaibridge\localaibridge\debug\vc141.pdb
d:\shashi\misc\localaibridge\localaibridge\localaibridge\debug\vc141.idb
d:\shashi\misc\localaibridge\localaibridge\localaibridge\debug\localaibridge.obj
d:\shashi\misc\localaibridge\localaibridge\debug\vc141.pdb
d:\shashi\misc\localaibridge\localaibridge\debug\vc141.idb
d:\shashi\misc\localaibridge\localaibridge\debug\source.obj
d:\shashi\misc\localaibridge\localaibridge\debug\localaibridge.obj
d:\shashi\misc\localaibridge\debug\localaibridge.pdb
d:\shashi\misc\localaibridge\localaibridge\debug\localaibridge.tlog\cl.command.1.tlog
d:\shashi\misc\localaibridge\localaibridge\debug\localaibridge.tlog\cl.read.1.tlog
d:\shashi\misc\localaibridge\localaibridge\debug\localaibridge.tlog\cl.write.1.tlog
d:\shashi\misc\localaibridge\localaibridge\debug\localaibridge.tlog\link-cvtres.read.1.tlog
d:\shashi\misc\localaibridge\localaibridge\debug\localaibridge.tlog\link-cvtres.write.1.tlog
d:\shashi\misc\localaibridge\localaibridge\debug\localaibridge.tlog\link-rc.read.1.tlog
d:\shashi\misc\localaibridge\localaibridge\debug\localaibridge.tlog\link-rc.write.1.tlog
d:\shashi\misc\localaibridge\localaibridge\debug\localaibridge.tlog\link.11296-cvtres.read.1.tlog
d:\shashi\misc\localaibridge\localaibridge\debug\localaibridge.tlog\link.11296-cvtres.write.1.tlog
d:\shashi\misc\localaibridge\localaibridge\debug\localaibridge.tlog\link.11296-rc.read.1.tlog
d:\shashi\misc\localaibridge\localaibridge\debug\localaibridge.tlog\link.11296-rc.write.1.tlog
d:\shashi\misc\localaibridge\localaibridge\debug\localaibridge.tlog\link.11296.read.1.tlog
d:\shashi\misc\localaibridge\localaibridge\debug\localaibridge.tlog\link.11296.write.1.tlog
d:\shashi\misc\localaibridge\localaibridge\debug\localaibridge.tlog\link.command.1.tlog
d:\shashi\misc\localaibridge\localaibridge\debug\localaibridge.tlog\link.read.1.tlog
d:\shashi\misc\localaibridge\localaibridge\debug\localaibridge.tlog\link.write.1.tlog
